<?xml version="1.0" encoding="UTF-8"?>
<TestRun id="a0a4e447-57a8-4717-ab5d-f761912c66f3" name="jmd@JMD-MPIP 2012-04-10 11:29:03" runUser="jmd-mpip\jmd" xmlns="http://microsoft.com/schemas/VisualStudio/TeamTest/2006">
  <TestRunConfiguration name="Local Test Run" id="b11e7721-989e-4d2c-8ab1-e036b122d350">
    <Description>This is a default test run configuration for a local test run.</Description>
    <Deployment runDeploymentRoot="D:\imp study\MP IP PROJECT 2012\RetailStore\RetailStore\TestResults\jmd_JMD-MPIP 2012-04-10 11_29_03">
      <DeploymentItem filename="D:\imp study\MP IP PROJECT 2012\RetailStore\RetailStore\RetailStore\bin\Debug\RetailStore.exe" />
    </Deployment>
    <TestTypeSpecific />
  </TestRunConfiguration>
  <ResultSummary outcome="Failed">
    <Counters total="5" executed="5" error="0" failed="2" timeout="0" aborted="0" inconclusive="3" passedButRunAborted="0" notRunnable="0" notExecuted="0" disconnected="0" warning="0" passed="0" completed="0" inProgress="0" pending="0" />
  </ResultSummary>
  <Times creation="2012-04-10T11:29:03.8205400+05:30" queuing="2012-04-10T11:29:05.4273428+05:30" start="2012-04-10T11:29:05.7237434+05:30" finish="2012-04-10T11:29:16.7217627+05:30" />
  <TestDefinitions>
    <UnitTest name="getCustomerTypeTest" storage="d:\imp study\mp ip project 2012\retailstore\retailstore\retailstore_test\bin\debug\retailstore_test.dll" id="0dbd8dd6-d3a4-00ca-160b-242abd07d1e4">
      <Css projectStructure="" iteration="" />
      <Owners>
        <Owner name="" />
      </Owners>
      <Execution id="0a0e5796-c3d7-4041-a70d-8ede4e063fc1" />
      <TestMethod codeBase="D:\imp study\MP IP PROJECT 2012\RetailStore\RetailStore\RetailStore_Test\bin\Debug\RetailStore_Test.dll" adapterTypeName="Microsoft.VisualStudio.TestTools.TestTypes.Unit.UnitTestAdapter, Microsoft.VisualStudio.QualityTools.Tips.UnitTest.Adapter, Version=9.0.0.0, Culture=neutral, PublicKeyToken=b03f5f7f11d50a3a" className="RetailStore_Test.getDataTest, RetailStore_Test" name="getCustomerTypeTest" />
    </UnitTest>
    <UnitTest name="calculateDiscountConstructorTest" storage="d:\imp study\mp ip project 2012\retailstore\retailstore\retailstore_test\bin\debug\retailstore_test.dll" id="7dc1b756-3596-66e9-fa22-69dadc8831f1">
      <Css projectStructure="" iteration="" />
      <Owners>
        <Owner name="" />
      </Owners>
      <DeploymentItems>
        <DeploymentItem filename="RetailStore.exe" />
      </DeploymentItems>
      <Execution id="d00e9a7a-df96-4b6c-888c-5825ed10831c" />
      <TestMethod codeBase="D:\imp study\MP IP PROJECT 2012\RetailStore\RetailStore\RetailStore_Test\bin\Debug\RetailStore_Test.dll" adapterTypeName="Microsoft.VisualStudio.TestTools.TestTypes.Unit.UnitTestAdapter, Microsoft.VisualStudio.QualityTools.Tips.UnitTest.Adapter, Version=9.0.0.0, Culture=neutral, PublicKeyToken=b03f5f7f11d50a3a" className="RetailStore_Test.calculateDiscountTest, RetailStore_Test" name="calculateDiscountConstructorTest" />
    </UnitTest>
    <UnitTest name="getNetAmountTest" storage="d:\imp study\mp ip project 2012\retailstore\retailstore\retailstore_test\bin\debug\retailstore_test.dll" id="c4a7ab70-0280-bca8-0d0f-ff27f04c1b32">
      <Css projectStructure="" iteration="" />
      <Owners>
        <Owner name="" />
      </Owners>
      <DeploymentItems>
        <DeploymentItem filename="RetailStore.exe" />
      </DeploymentItems>
      <Execution id="1f0e1cd2-44ea-4a4c-9234-13e9ee032a04" />
      <TestMethod codeBase="D:\imp study\MP IP PROJECT 2012\RetailStore\RetailStore\RetailStore_Test\bin\Debug\RetailStore_Test.dll" adapterTypeName="Microsoft.VisualStudio.TestTools.TestTypes.Unit.UnitTestAdapter, Microsoft.VisualStudio.QualityTools.Tips.UnitTest.Adapter, Version=9.0.0.0, Culture=neutral, PublicKeyToken=b03f5f7f11d50a3a" className="RetailStore_Test.calculateDiscountTest, RetailStore_Test" name="getNetAmountTest" />
    </UnitTest>
    <UnitTest name="GetPercentageDiscountTest" storage="d:\imp study\mp ip project 2012\retailstore\retailstore\retailstore_test\bin\debug\retailstore_test.dll" id="f0b5acef-16eb-e611-f026-506b6f780f21">
      <Css projectStructure="" iteration="" />
      <Owners>
        <Owner name="" />
      </Owners>
      <DeploymentItems>
        <DeploymentItem filename="RetailStore.exe" />
      </DeploymentItems>
      <Execution id="a28d7682-1c87-4a55-8cd7-5dd014d25bca" />
      <TestMethod codeBase="D:\imp study\MP IP PROJECT 2012\RetailStore\RetailStore\RetailStore_Test\bin\Debug\RetailStore_Test.dll" adapterTypeName="Microsoft.VisualStudio.TestTools.TestTypes.Unit.UnitTestAdapter, Microsoft.VisualStudio.QualityTools.Tips.UnitTest.Adapter, Version=9.0.0.0, Culture=neutral, PublicKeyToken=b03f5f7f11d50a3a" className="RetailStore_Test.calculateDiscountTest, RetailStore_Test" name="GetPercentageDiscountTest" />
    </UnitTest>
    <UnitTest name="getDiscountDataTest" storage="d:\imp study\mp ip project 2012\retailstore\retailstore\retailstore_test\bin\debug\retailstore_test.dll" id="6ee1d9ff-87fb-c44a-ceee-41402ddb960d">
      <Css projectStructure="" iteration="" />
      <Owners>
        <Owner name="" />
      </Owners>
      <Execution id="64abe990-0fa0-4a93-9c23-1f144fa735a1" />
      <TestMethod codeBase="D:\imp study\MP IP PROJECT 2012\RetailStore\RetailStore\RetailStore_Test\bin\Debug\RetailStore_Test.dll" adapterTypeName="Microsoft.VisualStudio.TestTools.TestTypes.Unit.UnitTestAdapter, Microsoft.VisualStudio.QualityTools.Tips.UnitTest.Adapter, Version=9.0.0.0, Culture=neutral, PublicKeyToken=b03f5f7f11d50a3a" className="RetailStore_Test.getDataTest, RetailStore_Test" name="getDiscountDataTest" />
    </UnitTest>
  </TestDefinitions>
  <TestLists>
    <TestList name="Results Not in a List" id="8c84fa94-04c1-424b-9868-57a2d4851a1d" />
    <TestList name="All Loaded Results" id="19431567-8539-422a-85d7-44ee4e166bda" />
  </TestLists>
  <TestEntries>
    <TestEntry testId="0dbd8dd6-d3a4-00ca-160b-242abd07d1e4" executionId="0a0e5796-c3d7-4041-a70d-8ede4e063fc1" testListId="8c84fa94-04c1-424b-9868-57a2d4851a1d" />
    <TestEntry testId="6ee1d9ff-87fb-c44a-ceee-41402ddb960d" executionId="64abe990-0fa0-4a93-9c23-1f144fa735a1" testListId="8c84fa94-04c1-424b-9868-57a2d4851a1d" />
    <TestEntry testId="f0b5acef-16eb-e611-f026-506b6f780f21" executionId="a28d7682-1c87-4a55-8cd7-5dd014d25bca" testListId="8c84fa94-04c1-424b-9868-57a2d4851a1d" />
    <TestEntry testId="c4a7ab70-0280-bca8-0d0f-ff27f04c1b32" executionId="1f0e1cd2-44ea-4a4c-9234-13e9ee032a04" testListId="8c84fa94-04c1-424b-9868-57a2d4851a1d" />
    <TestEntry testId="7dc1b756-3596-66e9-fa22-69dadc8831f1" executionId="d00e9a7a-df96-4b6c-888c-5825ed10831c" testListId="8c84fa94-04c1-424b-9868-57a2d4851a1d" />
  </TestEntries>
  <Results>
    <UnitTestResult executionId="0a0e5796-c3d7-4041-a70d-8ede4e063fc1" testId="0dbd8dd6-d3a4-00ca-160b-242abd07d1e4" testName="getCustomerTypeTest" computerName="JMD-MPIP" duration="00:00:00.0647186" startTime="2012-04-10T11:29:05.8641436+05:30" endTime="2012-04-10T11:29:06.2073442+05:30" testType="13cdc9d9-ddb5-4fa4-a97d-d965ccfc6d4b" outcome="Inconclusive" testListId="8c84fa94-04c1-424b-9868-57a2d4851a1d">
      <Output>
        <ErrorInfo>
          <Message>Assert.Inconclusive failed. Method Working Correct</Message>
          <StackTrace>   at RetailStore_Test.getDataTest.getCustomerTypeTest() in D:\imp study\MP IP PROJECT 2012\RetailStore\RetailStore\RetailStore_Test\getDataTest.cs:line 31
</StackTrace>
        </ErrorInfo>
      </Output>
    </UnitTestResult>
    <UnitTestResult executionId="64abe990-0fa0-4a93-9c23-1f144fa735a1" testId="6ee1d9ff-87fb-c44a-ceee-41402ddb960d" testName="getDiscountDataTest" computerName="JMD-MPIP" duration="00:00:10.0937525" startTime="2012-04-10T11:29:06.2073442+05:30" endTime="2012-04-10T11:29:16.3317620+05:30" testType="13cdc9d9-ddb5-4fa4-a97d-d965ccfc6d4b" outcome="Inconclusive" testListId="8c84fa94-04c1-424b-9868-57a2d4851a1d">
      <Output>
        <ErrorInfo>
          <Message>Assert.Inconclusive failed. Verify the correctness of this test method.</Message>
          <StackTrace>   at RetailStore_Test.getDataTest.getDiscountDataTest() in D:\imp study\MP IP PROJECT 2012\RetailStore\RetailStore\RetailStore_Test\getDataTest.cs:line 47
</StackTrace>
        </ErrorInfo>
      </Output>
    </UnitTestResult>
    <UnitTestResult executionId="a28d7682-1c87-4a55-8cd7-5dd014d25bca" testId="f0b5acef-16eb-e611-f026-506b6f780f21" testName="GetPercentageDiscountTest" computerName="JMD-MPIP" duration="00:00:00.1231544" startTime="2012-04-10T11:29:16.3785621+05:30" endTime="2012-04-10T11:29:16.5033623+05:30" testType="13cdc9d9-ddb5-4fa4-a97d-d965ccfc6d4b" outcome="Failed" testListId="8c84fa94-04c1-424b-9868-57a2d4851a1d">
      <Output>
        <ErrorInfo>
          <Message>Test method RetailStore_Test.calculateDiscountTest.GetPercentageDiscountTest threw exception:  System.NullReferenceException: Object reference not set to an instance of an object..</Message>
          <StackTrace>    at RetailStore.calculateDiscount.GetPercentageDiscount(String custID) in D:\imp study\MP IP PROJECT 2012\RetailStore\RetailStore\RetailStore\BAL\getDiscount.cs:line 34
   at RetailStore.calculateDiscount_Accessor.GetPercentageDiscount(String custID)
   at RetailStore_Test.calculateDiscountTest.GetPercentageDiscountTest() in D:\imp study\MP IP PROJECT 2012\RetailStore\RetailStore\RetailStore_Test\calculateDiscountTest.cs:line 78
</StackTrace>
        </ErrorInfo>
      </Output>
    </UnitTestResult>
    <UnitTestResult executionId="1f0e1cd2-44ea-4a4c-9234-13e9ee032a04" testId="c4a7ab70-0280-bca8-0d0f-ff27f04c1b32" testName="getNetAmountTest" computerName="JMD-MPIP" duration="00:00:00.0329003" startTime="2012-04-10T11:29:16.5189623+05:30" endTime="2012-04-10T11:29:16.5501624+05:30" testType="13cdc9d9-ddb5-4fa4-a97d-d965ccfc6d4b" outcome="Failed" testListId="8c84fa94-04c1-424b-9868-57a2d4851a1d">
      <Output>
        <ErrorInfo>
          <Message>Test method RetailStore_Test.calculateDiscountTest.getNetAmountTest threw exception:  System.NullReferenceException: Object reference not set to an instance of an object..</Message>
          <StackTrace>    at RetailStore.calculateDiscount.getNetAmount(CustomerInfo oCustomerInfo) in D:\imp study\MP IP PROJECT 2012\RetailStore\RetailStore\RetailStore\BAL\getDiscount.cs:line 39
   at RetailStore.calculateDiscount_Accessor.getNetAmount(CustomerInfo_Accessor oCustomerInfo)
   at RetailStore_Test.calculateDiscountTest.getNetAmountTest() in D:\imp study\MP IP PROJECT 2012\RetailStore\RetailStore\RetailStore_Test\calculateDiscountTest.cs:line 93
</StackTrace>
        </ErrorInfo>
      </Output>
    </UnitTestResult>
    <UnitTestResult executionId="d00e9a7a-df96-4b6c-888c-5825ed10831c" testId="7dc1b756-3596-66e9-fa22-69dadc8831f1" testName="calculateDiscountConstructorTest" computerName="JMD-MPIP" duration="00:00:00.0143693" startTime="2012-04-10T11:29:16.5813624+05:30" endTime="2012-04-10T11:29:16.6125625+05:30" testType="13cdc9d9-ddb5-4fa4-a97d-d965ccfc6d4b" outcome="Inconclusive" testListId="8c84fa94-04c1-424b-9868-57a2d4851a1d">
      <Output>
        <ErrorInfo>
          <Message>Assert.Inconclusive failed. TODO: Implement code to verify target</Message>
          <StackTrace>   at RetailStore_Test.calculateDiscountTest.calculateDiscountConstructorTest() in D:\imp study\MP IP PROJECT 2012\RetailStore\RetailStore\RetailStore_Test\calculateDiscountTest.cs:line 106
</StackTrace>
        </ErrorInfo>
      </Output>
    </UnitTestResult>
  </Results>
</TestRun>